<?xml version="1.0" encoding="UTF-8"?>
<robot generator="Robot 4.1.1 (Python 3.9.1 on win32)" generated="20220607 17:50:22.034" rpa="false" schemaversion="2">
<suite id="s1" name="CEP" source="C:\Users\carol\Desktop\Carol\CEP-Automation\CEP\Tests\CEP.robot">
<kw name="Inicio do Teste" library="Resources" type="SETUP">
<kw name="Open Browser" library="SeleniumLibrary">
<arg>about:blanc</arg>
<arg>${BROWSER}</arg>
<arg>options=add_experimental_option('excludeSwitches', ['enable-logging'])</arg>
<doc>Opens a new browser instance to the optional ``url``.</doc>
<msg timestamp="20220607 17:50:23.023" level="INFO">Opening browser 'Chrome' to base url 'about:blanc'.</msg>
<status status="PASS" starttime="20220607 17:50:23.023" endtime="20220607 17:50:25.083"/>
</kw>
<kw name="Maximize Browser Window" library="SeleniumLibrary">
<doc>Maximizes current browser window.</doc>
<status status="PASS" starttime="20220607 17:50:25.083" endtime="20220607 17:50:25.219"/>
</kw>
<status status="PASS" starttime="20220607 17:50:23.018" endtime="20220607 17:50:25.219"/>
</kw>
<test id="s1-t1" name="Cenario 1: localizar endereco atraves do cep">
<kw name="Dado que estou na base de dados" library="CEP">
<kw name="Go To" library="SeleniumLibrary">
<arg>${URL}</arg>
<doc>Navigates the current browser window to the provided ``url``.</doc>
<msg timestamp="20220607 17:50:25.226" level="INFO">Opening url 'http://www.republicavirtual.com.br/cep/exemplos.php'</msg>
<status status="PASS" starttime="20220607 17:50:25.226" endtime="20220607 17:50:28.236"/>
</kw>
<kw name="Wait Until Page Contains" library="SeleniumLibrary">
<arg>buscar cep</arg>
<doc>Waits until ``text`` appears on the current page.</doc>
<status status="PASS" starttime="20220607 17:50:28.236" endtime="20220607 17:50:28.260"/>
</kw>
<status status="PASS" starttime="20220607 17:50:25.219" endtime="20220607 17:50:28.260"/>
</kw>
<kw name="Quando preencho o cep" library="CEP">
<kw name="Input Text" library="SeleniumLibrary">
<arg>${CAMPO_CEP}</arg>
<arg>51320480</arg>
<doc>Types the given ``text`` into the text field identified by ``locator``.</doc>
<msg timestamp="20220607 17:50:28.260" level="INFO">Typing text '51320480' into text field 'id=campoCEP'.</msg>
<status status="PASS" starttime="20220607 17:50:28.260" endtime="20220607 17:50:28.419"/>
</kw>
<kw name="Click Element" library="SeleniumLibrary">
<arg>${BTN_BUSCAR}</arg>
<doc>Click the element identified by ``locator``.</doc>
<msg timestamp="20220607 17:50:28.419" level="INFO">Clicking element 'css=center &gt; input[type="button"]:nth-child(3)'.</msg>
<status status="PASS" starttime="20220607 17:50:28.419" endtime="20220607 17:50:28.523"/>
</kw>
<status status="PASS" starttime="20220607 17:50:28.260" endtime="20220607 17:50:28.523"/>
</kw>
<kw name="Entao tenho acesso as informacoes do endereco" library="CEP">
<kw name="Wait Until Page Contains" library="SeleniumLibrary">
<arg>Rua</arg>
<doc>Waits until ``text`` appears on the current page.</doc>
<status status="PASS" starttime="20220607 17:50:28.531" endtime="20220607 17:50:28.779"/>
</kw>
<kw name="Wait Until Page Contains" library="SeleniumLibrary">
<arg>Frei Francisco Sampaio</arg>
<doc>Waits until ``text`` appears on the current page.</doc>
<status status="PASS" starttime="20220607 17:50:28.779" endtime="20220607 17:50:28.800"/>
</kw>
<kw name="Wait Until Page Contains" library="SeleniumLibrary">
<arg>COHAB</arg>
<doc>Waits until ``text`` appears on the current page.</doc>
<status status="PASS" starttime="20220607 17:50:28.800" endtime="20220607 17:50:28.827"/>
</kw>
<kw name="Wait Until Page Contains" library="SeleniumLibrary">
<arg>Recife</arg>
<doc>Waits until ``text`` appears on the current page.</doc>
<status status="PASS" starttime="20220607 17:50:28.827" endtime="20220607 17:50:28.843"/>
</kw>
<kw name="Wait Until Page Contains" library="SeleniumLibrary">
<arg>PE</arg>
<doc>Waits until ``text`` appears on the current page.</doc>
<status status="PASS" starttime="20220607 17:50:28.843" endtime="20220607 17:50:28.858"/>
</kw>
<kw name="Mouse Up" library="SeleniumLibrary">
<arg>css=div.conteudo &gt; h1:nth-child(34)</arg>
<doc>Simulates releasing the left mouse button on the element ``locator``.</doc>
<msg timestamp="20220607 17:50:28.858" level="INFO">Simulating Mouse Up on element 'css=div.conteudo &gt; h1:nth-child(34)'.</msg>
<status status="PASS" starttime="20220607 17:50:28.858" endtime="20220607 17:50:29.179"/>
</kw>
<kw name="Sleep" library="BuiltIn">
<arg>5</arg>
<doc>Pauses the test executed for the given time.</doc>
<msg timestamp="20220607 17:50:34.181" level="INFO">Slept 5 seconds</msg>
<status status="PASS" starttime="20220607 17:50:29.179" endtime="20220607 17:50:34.181"/>
</kw>
<kw name="Capture Page Screenshot" library="SeleniumLibrary">
<doc>Takes a screenshot of the current page and embeds it into a log file.</doc>
<msg timestamp="20220607 17:50:34.347" level="INFO" html="true">&lt;/td&gt;&lt;/tr&gt;&lt;tr&gt;&lt;td colspan="3"&gt;&lt;a href="selenium-screenshot-1.png"&gt;&lt;img src="selenium-screenshot-1.png" width="800px"&gt;&lt;/a&gt;</msg>
<status status="PASS" starttime="20220607 17:50:34.181" endtime="20220607 17:50:34.347"/>
</kw>
<status status="PASS" starttime="20220607 17:50:28.531" endtime="20220607 17:50:34.347"/>
</kw>
<status status="PASS" starttime="20220607 17:50:25.219" endtime="20220607 17:50:34.347"/>
</test>
<kw name="Final do Teste" library="Resources" type="TEARDOWN">
<kw name="Close Browser" library="SeleniumLibrary">
<doc>Closes the current browser.</doc>
<status status="PASS" starttime="20220607 17:50:34.363" endtime="20220607 17:50:36.792"/>
</kw>
<status status="PASS" starttime="20220607 17:50:34.363" endtime="20220607 17:50:36.792"/>
</kw>
<status status="PASS" starttime="20220607 17:50:22.034" endtime="20220607 17:50:36.792"/>
</suite>
<statistics>
<total>
<stat pass="1" fail="0" skip="0">All Tests</stat>
</total>
<tag>
</tag>
<suite>
<stat pass="1" fail="0" skip="0" id="s1" name="CEP">CEP</stat>
</suite>
</statistics>
<errors>
</errors>
</robot>
